<?xml version="1.0" encoding="UTF-8"?>
<!-- Generated by org.testng.reporters.JUnitReportReporter -->
<testsuite skipped="0" hostname="sony" name="test.RegisterTest" tests="1" failures="0" timestamp="09 Sep 2018 04:24:53 GMT" time="39.016" errors="0">
  <testcase name="callingTestcases" time="39.016" classname="test.RegisterTest"/>
</testsuite> <!-- test.RegisterTest -->
