<?xml version="1.0" encoding="UTF-8"?>
<!-- Generated by org.testng.reporters.JUnitReportReporter -->
<testsuite skipped="0" hostname="sony" name="test.TwitterLogin" tests="1" failures="0" timestamp="23 Sep 2018 03:10:06 GMT" time="9.935" errors="0">
  <testcase name="callingTestcases" time="9.935" classname="test.TwitterLogin"/>
</testsuite> <!-- test.TwitterLogin -->
