<?xml version="1.0" encoding="UTF-8"?>
<!-- Generated by org.testng.reporters.JUnitReportReporter -->
<testsuite skipped="0" hostname="sony" name="test.RegisterTest" tests="1" failures="0" timestamp="29 Sep 2018 08:52:20 GMT" time="19.690" errors="0">
  <testcase name="callingTestcases" time="19.690" classname="test.RegisterTest"/>
</testsuite> <!-- test.RegisterTest -->
